[15:17:48] [Server thread/INFO]: Starting minecraft server version 1.7.10
[15:17:48] [Server console handler/ERROR]: Exception handling console input
java.io.IOException: Неверный дескриптор
	at java.io.FileInputStream.readBytes(Native Method) ~[?:1.8.0_421]
	at java.io.FileInputStream.read(Unknown Source) ~[?:1.8.0_421]
	at java.io.BufferedInputStream.read1(Unknown Source) ~[?:1.8.0_421]
	at java.io.BufferedInputStream.read(Unknown Source) ~[?:1.8.0_421]
	at sun.nio.cs.StreamDecoder.readBytes(Unknown Source) ~[?:1.8.0_421]
	at sun.nio.cs.StreamDecoder.implRead(Unknown Source) ~[?:1.8.0_421]
	at sun.nio.cs.StreamDecoder.read(Unknown Source) ~[?:1.8.0_421]
	at java.io.InputStreamReader.read(Unknown Source) ~[?:1.8.0_421]
	at java.io.BufferedReader.fill(Unknown Source) ~[?:1.8.0_421]
	at java.io.BufferedReader.readLine(Unknown Source) ~[?:1.8.0_421]
	at java.io.BufferedReader.readLine(Unknown Source) ~[?:1.8.0_421]
	at net.minecraft.server.dedicated.DedicatedServer$2.run(DedicatedServer.java:97) [lv.class:?]
[15:18:42] [Server thread/INFO]: Loading properties
[15:18:42] [Server thread/INFO]: Default game type: SURVIVAL
[15:18:42] [Server thread/INFO]: Generating keypair
[15:18:43] [Server thread/INFO]: Starting Minecraft server on *:25565
[15:19:07] [Server thread/INFO]: Preparing level "world"
[15:19:08] [Server thread/INFO]: Preparing start region for level 0
[15:19:10] [Server thread/INFO]: Preparing spawn area: 0%
[15:19:11] [Server thread/INFO]: Preparing spawn area: 31%
[15:19:12] [Server thread/INFO]: Done (8.536s)! For help, type "help" or "?"
[15:19:19] [Server thread/WARN]: Can't keep up! Did the system time change, or is the server overloaded? Running 2254ms behind, skipping 45 tick(s)
[15:19:25] [User Authenticator #1/INFO]: UUID of player kuk_razor is f424a131-51de-484f-9d4a-ce4f1a781acc
[15:19:28] [Server thread/INFO]: kuk_razor[/192.168.0.103:54293] logged in with entity id 302 at (110.47706941536457, 70.0, 176.63431310979877)
[15:19:28] [Server thread/INFO]: kuk_razor joined the game
[15:19:38] [Server thread/WARN]: Can't keep up! Did the system time change, or is the server overloaded? Running 2136ms behind, skipping 42 tick(s)
[15:20:10] [Server thread/WARN]: Can't keep up! Did the system time change, or is the server overloaded? Running 7990ms behind, skipping 159 tick(s)
[15:20:24] [Server thread/WARN]: Can't keep up! Did the system time change, or is the server overloaded? Running 4747ms behind, skipping 94 tick(s)
[15:21:09] [Server thread/WARN]: Can't keep up! Did the system time change, or is the server overloaded? Running 12838ms behind, skipping 256 tick(s)
[15:21:28] [Server thread/WARN]: Can't keep up! Did the system time change, or is the server overloaded? Running 15411ms behind, skipping 308 tick(s)
[15:21:32] [Server thread/WARN]: Can't keep up! Did the system time change, or is the server overloaded? Running 4289ms behind, skipping 85 tick(s)
[15:21:49] [Server thread/WARN]: Can't keep up! Did the system time change, or is the server overloaded? Running 2076ms behind, skipping 41 tick(s)
[15:21:52] [Server thread/INFO]: kuk_razor lost connection: TextComponent{text='Disconnected', siblings=[], style=Style{hasParent=false, color=null, bold=null, italic=null, underlined=null, obfuscated=null, clickEvent=null, hoverEvent=null}}
[15:21:52] [Server thread/INFO]: kuk_razor left the game
[15:21:59] [Server thread/INFO]: Stopping server
[15:21:59] [Server thread/INFO]: Saving players
[15:21:59] [Server thread/INFO]: Saving worlds
[15:21:59] [Server thread/INFO]: Saving chunks for level 'world'/Overworld
[15:21:59] [Server thread/INFO]: Saving chunks for level 'world'/Nether
[15:21:59] [Server thread/INFO]: Saving chunks for level 'world'/The End
[15:21:59] [Server thread/INFO]: Saving chunks for level 'world'/SpectreWorld
